[19:29:02] [ServerMain/INFO]: [bootstrap] Running Java 21 (Java HotSpot(TM) 64-Bit Server VM 21.0.6+8-LTS-188; Oracle Corporation null) on Windows 11 10.0 (amd64)
[19:29:02] [ServerMain/INFO]: [bootstrap] Loading Purpur 1.21.4-2416-HEAD@51aafbc (2025-04-12T23:37:33Z) for Minecraft 1.21.4
[19:29:05] [ServerMain/INFO]: [PluginInitializerManager] Initializing plugins...
[19:29:06] [ServerMain/INFO]: [PluginInitializerManager] Initialized 3 plugins
[19:29:06] [ServerMain/INFO]: [PluginInitializerManager] Bukkit plugins (3):
 - Freesia-Backend (${version}), ViaBackwards (5.3.2), ViaVersion (5.3.2)
[19:29:18] [ServerMain/INFO]: Environment: Environment[sessionHost=https://sessionserver.mojang.com, servicesHost=https://api.minecraftservices.com, name=PROD]
[19:29:22] [ServerMain/INFO]: Loaded 1370 recipes
[19:29:22] [ServerMain/INFO]: Loaded 1481 advancements
[19:29:22] [ServerMain/INFO]: [MCTypeRegistry] Initialising converters for DataConverter...
[19:29:22] [ServerMain/INFO]: [MCTypeRegistry] Finished initialising converters for DataConverter in 595.8ms
[19:29:23] [Server thread/INFO]: Starting minecraft server version 1.21.4
[19:29:23] [Server thread/INFO]: Loading properties
[19:29:23] [Server thread/INFO]: This server is running Purpur version 1.21.4-2416-HEAD@51aafbc (2025-04-12T23:37:33Z) (Implementing API version 1.21.4-R0.1-SNAPSHOT)
[19:29:23] [Server thread/INFO]: [spark] This server bundles the spark profiler. For more information please visit https://docs.papermc.io/paper/profiling
[19:29:23] [Server thread/INFO]: Server Ping Player Sample Count: 12
[19:29:23] [Server thread/INFO]: Using 4 threads for Netty based IO
[19:29:25] [Server thread/INFO]: [MoonriseCommon] Paper is using 2 worker threads, 1 I/O threads
[19:29:25] [Server thread/INFO]: [ChunkTaskScheduler] Chunk system is using population gen parallelism: true
[19:29:25] [Server thread/INFO]: Default game type: SURVIVAL
[19:29:25] [Server thread/INFO]: Generating keypair
[19:29:25] [Server thread/INFO]: Starting Minecraft server on *:30067
[19:29:26] [Server thread/INFO]: Using default channel type
[19:29:26] [Server thread/INFO]: Paper: Using Java compression from Velocity.
[19:29:26] [Server thread/INFO]: Paper: Using Java cipher from Velocity.
[19:29:27] [Server thread/INFO]: [ViaVersion] Loading server plugin ViaVersion v5.3.2
[19:29:27] [Server thread/INFO]: [ViaVersion] ViaVersion 5.3.2 is now loaded. Registering protocol transformers and injecting...
[19:29:29] [Via-Mappingloader-0/INFO]: [ViaVersion] Loading block connection mappings ...
[19:29:30] [Server thread/INFO]: [ViaBackwards] Loading translations...
[19:29:30] [Server thread/INFO]: [ViaBackwards] Registering protocols...
[19:29:31] [Via-Mappingloader-0/INFO]: [ViaVersion] Using FastUtil Long2ObjectOpenHashMap for block connections
[19:29:32] [Server thread/INFO]: [ViaBackwards] Loading server plugin ViaBackwards v5.3.2
[19:29:32] [Server thread/INFO]: [Freesia-Backend] Loading server plugin Freesia-Backend v${version}
[19:29:32] [Server thread/INFO]: Server permissions file permissions.yml is empty, ignoring it
[19:29:32] [Server thread/WARN]: **** SERVER IS RUNNING IN OFFLINE/INSECURE MODE!
[19:29:32] [Server thread/WARN]: The server will make no attempt to authenticate usernames. Beware.
[19:29:32] [Server thread/WARN]: Whilst this makes it possible to use Velocity, unless access to your server is properly restricted, it also opens up the ability for hackers to connect with any username they choose.
[19:29:32] [Server thread/WARN]: Please see https://docs.papermc.io/velocity/security for further information.
[19:29:32] [Server thread/WARN]: To change this, set "online-mode" to "true" in the server.properties file.
[19:29:32] [Server thread/INFO]: Preparing level "world"
[19:29:33] [Server thread/INFO]: Preparing start region for dimension minecraft:overworld
[19:29:34] [Server thread/INFO]: Preparing spawn area: 0%
[19:29:34] [Server thread/INFO]: Preparing spawn area: 0%
[19:29:35] [Server thread/INFO]: Preparing spawn area: 0%
[19:29:35] [Server thread/INFO]: Preparing spawn area: 0%
[19:29:35] [Server thread/INFO]: Preparing spawn area: 0%
[19:29:35] [Server thread/INFO]: Time elapsed: 2069 ms
[19:29:35] [Server thread/INFO]: Preparing start region for dimension minecraft:the_nether
[19:29:35] [Server thread/INFO]: Preparing spawn area: 0%
[19:29:36] [Server thread/INFO]: Preparing spawn area: 10%
[19:29:36] [Server thread/INFO]: Preparing spawn area: 10%
[19:29:36] [Server thread/INFO]: Time elapsed: 1030 ms
[19:29:36] [Server thread/INFO]: Preparing start region for dimension minecraft:the_end
[19:29:36] [Server thread/INFO]: Preparing spawn area: 0%
[19:29:36] [Server thread/INFO]: Time elapsed: 236 ms
[19:29:36] [Server thread/INFO]: [ViaVersion] Enabling ViaVersion v5.3.2
[19:29:36] [Server thread/INFO]: [ViaVersion] ViaVersion detected server version: 1.21.4 (769)
[19:29:37] [Server thread/INFO]: [ViaBackwards] Enabling ViaBackwards v5.3.2
[19:29:37] [Server thread/INFO]: [Freesia-Backend] Enabling Freesia-Backend v${version}
[19:29:37] [Server thread/INFO]: [spark] Starting background profiler...
[19:29:37] [Server thread/INFO]: [spark] The async-profiler engine is not supported for your os/arch (windows11/amd64), so the built-in Java engine will be used instead.
[19:29:37] [Server thread/INFO]: Done preparing level "world" (5.712s)
[19:29:37] [Server thread/INFO]: Running delayed init tasks
[19:29:37] [Server thread/INFO]: Done (37.472s)! For help, type "help"
[19:29:37] [Craft Scheduler Thread - 3 - ViaVersion/INFO]: [ViaVersion] Finished mapping loading, shutting down loader executor.
[19:29:53] [User Authenticator #0/INFO]: UUID of player NguyenDevs is 22f5c548-dce8-4e1b-9e40-d8abdbf26534
[19:29:53] [Server thread/INFO]: NguyenDevs joined the game
[19:29:54] [Server thread/INFO]: NguyenDevs[/127.0.0.1:65187] logged in with entity id 72 at ([world]112.5, 64.0, -5.5)
[19:30:26] [Server thread/INFO]: NguyenDevs issued server command: /version
[19:30:30] [Async Chat Thread - #1/INFO]: <NguyenDevs> Hi
[19:30:33] [Async Chat Thread - #1/INFO]: <NguyenDevs> This is main Server
[19:30:55] [Server thread/INFO]: NguyenDevs lost connection: Disconnected
[19:30:55] [Server thread/INFO]: NguyenDevs left the game
