[19:16:46] [main/INFO]: Loading Minecraft 1.21.1 with Fabric Loader 0.16.13
[19:16:46] [main/WARN]: Warnings were found!
 - Mod 'Forge Config API Port' (forgeconfigapiport) 21.1.3 recommends any version of modmenu, which is missing!
	 - You should install any version of modmenu for the optimal experience.
[19:16:46] [main/INFO]: Loading 47 mods:
	- fabric-api 0.115.5+1.21.1
	   |-- fabric-api-base 0.4.42+6573ed8c19
	   |-- fabric-api-lookup-api-v1 1.6.70+b559734419
	   |-- fabric-biome-api-v1 13.0.31+d527f9fd19
	   |-- fabric-block-api-v1 1.0.22+0af3f5a719
	   |-- fabric-block-view-api-v2 1.0.11+ebb2264e19
	   |-- fabric-blockrenderlayer-v1 1.1.52+0af3f5a719
	   |-- fabric-client-tags-api-v1 1.1.15+6573ed8c19
	   |-- fabric-command-api-v1 1.2.49+f71b366f19
	   |-- fabric-command-api-v2 2.2.28+6ced4dd919
	   |-- fabric-commands-v0 0.2.66+df3654b319
	   |-- fabric-content-registries-v0 8.0.18+b559734419
	   |-- fabric-convention-tags-v1 2.1.4+7f945d5b19
	   |-- fabric-convention-tags-v2 2.11.0+a406e79519
	   |-- fabric-crash-report-info-v1 0.2.29+0af3f5a719
	   |-- fabric-data-attachment-api-v1 1.4.2+651db51519
	   |-- fabric-data-generation-api-v1 20.2.28+16c4ae2519
	   |-- fabric-dimensions-v1 4.0.0+6fc22b9919
	   |-- fabric-entity-events-v1 1.7.0+2122d82819
	   |-- fabric-events-interaction-v0 0.7.13+ba9dae0619
	   |-- fabric-game-rule-api-v1 1.0.53+6ced4dd919
	   |-- fabric-item-api-v1 11.1.1+d5debaed19
	   |-- fabric-item-group-api-v1 4.1.7+def88e3a19
	   |-- fabric-key-binding-api-v1 1.0.47+0af3f5a719
	   |-- fabric-keybindings-v0 0.2.45+df3654b319
	   |-- fabric-lifecycle-events-v1 2.5.0+01d9a51c19
	   |-- fabric-loot-api-v2 3.0.15+3f89f5a519
	   |-- fabric-loot-api-v3 1.0.3+3f89f5a519
	   |-- fabric-message-api-v1 6.0.13+6573ed8c19
	   |-- fabric-model-loading-api-v1 2.0.0+fe474d6b19
	   |-- fabric-networking-api-v1 4.3.0+c7469b2119
	   |-- fabric-object-builder-api-v1 15.2.1+40875a9319
	   |-- fabric-particles-v1 4.0.2+6573ed8c19
	   |-- fabric-recipe-api-v1 5.0.14+248df81c19
	   |-- fabric-registry-sync-v0 5.2.0+34f5d91419
	   |-- fabric-renderer-api-v1 3.4.0+c705a49c19
	   |-- fabric-renderer-indigo 1.7.0+c705a49c19
	   |-- fabric-renderer-registries-v1 3.2.68+df3654b319
	   |-- fabric-rendering-data-attachment-v1 0.3.49+73761d2e19
	   |-- fabric-rendering-fluids-v1 3.1.6+1daea21519
	   |-- fabric-rendering-v0 1.1.71+df3654b319
	   |-- fabric-rendering-v1 5.0.5+df16efd019
	   |-- fabric-resource-conditions-api-v1 4.3.0+8dc279b119
	   |-- fabric-resource-loader-v0 1.3.1+5b5275af19
	   |-- fabric-screen-api-v1 2.0.25+8b68f1c719
	   |-- fabric-screen-handler-api-v1 1.3.88+b559734419
	   |-- fabric-sound-api-v1 1.0.23+6573ed8c19
	   |-- fabric-transfer-api-v1 5.4.2+c24bd99419
	   \-- fabric-transitive-access-wideners-v1 6.2.0+45b9699719
	- fabricloader 0.16.13
	   \-- mixinextras 0.4.1
	- freesia_worker 2.5.0+2.4
	   \-- meow_kikir_freesia-common 2.5.0+2.4
	- java 21
	- minecraft 1.21.1
	- yes_steve_model 2.4.1
	   \-- forgeconfigapiport 21.1.3
	        |-- com_electronwill_night-config_core 3.8.0
	        \-- com_electronwill_night-config_toml 3.8.0
[19:16:46] [main/INFO]: SpongePowered MIXIN Subsystem Version=0.8.7 Source=file:/C:/Users/ASUS/Desktop/SERVER/MODULE%20_%20FABRIC%20_%20WORKER/libraries/net/fabricmc/sponge-mixin/0.15.4+mixin.0.8.7/sponge-mixin-0.15.4+mixin.0.8.7.jar Service=Knot/Fabric Env=SERVER
[19:16:46] [main/INFO]: Compatibility level set to JAVA_17
[19:16:47] [main/INFO]: Compatibility level set to JAVA_21
[19:16:47] [main/WARN]: Reference map 'forgeconfigapiport.common.refmap.json' for forgeconfigapiport.common.mixins.json could not be read. If this is a development environment you can ignore this message
[19:16:47] [main/INFO]: Initializing MixinExtras via com.llamalad7.mixinextras.service.MixinExtrasServiceImpl(version=0.4.1).
[19:16:59] [main/INFO]: Loading config file.
[19:16:59] [main/INFO]: Config file not found! Creating new config file.
[19:17:00] [main/INFO]: Connecting to the master.
[19:17:00] [main/INFO]: Connecting to master controller service.
[19:17:00] [main/INFO]: Environment: Environment[sessionHost=https://sessionserver.mojang.com, servicesHost=https://api.minecraftservices.com, name=PROD]
[19:17:00] [main/INFO]: Found new data pack fabric, loading it automatically
[19:17:00] [main/INFO]: Found new data pack fabric-convention-tags-v2, loading it automatically
[19:17:00] [main/INFO]: Found new data pack yes_steve_model, loading it automatically
[19:17:02] [main/INFO]: No existing world data, creating new world
[19:17:03] [main/INFO]: Loaded 1290 recipes
[19:17:03] [main/INFO]: Loaded 1399 advancements
[19:17:03] [main/INFO]: Applied 0 biome modifications to 0 of 64 new biomes in 1.545 ms
[19:17:03] [Server thread/INFO]: Starting minecraft server version 1.21.1
[19:17:03] [Server thread/INFO]: Loading properties
[19:17:03] [Server thread/INFO]: Default game type: SURVIVAL
[19:17:03] [Server thread/INFO]: Generating keypair
[19:17:04] [Server thread/INFO]: Starting Minecraft server on 127.0.0.1:19199
[19:17:04] [Server thread/INFO]: Using default channel type
[19:17:04] [Server thread/INFO]: Preparing level "world"
[19:17:09] [Server thread/INFO]: Preparing start region for dimension minecraft:overworld
[19:17:09] [Worker-Main-3/INFO]: Preparing spawn area: 2%
[19:17:09] [Worker-Main-3/INFO]: Preparing spawn area: 2%
[19:17:10] [Worker-Main-5/INFO]: Preparing spawn area: 2%
[19:17:10] [Worker-Main-6/INFO]: Preparing spawn area: 18%
[19:17:11] [Worker-Main-3/INFO]: Preparing spawn area: 18%
[19:17:11] [Worker-Main-7/INFO]: Preparing spawn area: 20%
[19:17:12] [Worker-Main-3/INFO]: Preparing spawn area: 51%
[19:17:12] [Worker-Main-5/INFO]: Preparing spawn area: 51%
[19:17:13] [Worker-Main-3/INFO]: Preparing spawn area: 51%
[19:17:13] [Server thread/INFO]: Time elapsed: 4271 ms
[19:17:13] [Server thread/INFO]: Done (9.565s)! For help, type "help"
[19:27:14] [Server thread/INFO]: §6§l【§aYSM§6§l】§eAll models have been reloaded, use time: 1345.709ms
[19:27:34] [nioEventLoopGroup-2-1/INFO]: Pre-loaded player data for player NguyenDevs.
[19:27:38] [Server thread/INFO]: Generating default ysm data for entity id 1 uuid: 22f5c548-dce8-4e1b-9e40-d8abdbf26534
[19:27:38] [Server thread/INFO]: NguyenDevs[/127.0.0.1:65150] logged in with entity id 1 at (314.5, 64.0, 125.5)
[19:27:38] [Server thread/INFO]: NguyenDevs joined the game
[19:27:38] [Server thread/WARN]: Can't keep up! Is the server overloaded? Running 2330ms or 46 ticks behind
[19:29:53] [Server thread/INFO]: NguyenDevs lost connection: Disconnected
[19:29:53] [Server thread/INFO]: NguyenDevs left the game
[19:29:54] [nioEventLoopGroup-2-1/INFO]: Pre-loaded player data for player NguyenDevs.
[19:29:54] [Server thread/INFO]: NguyenDevs[/127.0.0.1:65188] logged in with entity id 130 at (314.5, 64.0, 125.5)
[19:29:54] [Server thread/INFO]: NguyenDevs joined the game
[19:30:55] [Server thread/INFO]: NguyenDevs lost connection: Disconnected
[19:30:55] [Server thread/INFO]: NguyenDevs left the game
[19:30:55] [nioEventLoopGroup-2-1/INFO]: Pre-loaded player data for player NguyenDevs.
[19:30:56] [Server thread/INFO]: NguyenDevs[/127.0.0.1:65197] logged in with entity id 131 at (314.5, 64.0, 125.5)
[19:30:56] [Server thread/INFO]: NguyenDevs joined the game
[19:31:02] [Server thread/INFO]: NguyenDevs lost connection: Disconnected
[19:31:02] [Server thread/INFO]: NguyenDevs left the game
